

Started GET "/processes/list" for 127.0.0.1 at 2013-01-20 18:51:55 -0600
Connecting to database specified by database.yml

ActionController::RoutingError (No route matches [GET] "/processes/list"):
  actionpack (3.2.11) lib/action_dispatch/middleware/debug_exceptions.rb:21:in `call'
  actionpack (3.2.11) lib/action_dispatch/middleware/show_exceptions.rb:56:in `call'
  railties (3.2.11) lib/rails/rack/logger.rb:32:in `call_app'
  railties (3.2.11) lib/rails/rack/logger.rb:16:in `block in call'
  activesupport (3.2.11) lib/active_support/tagged_logging.rb:22:in `tagged'
  railties (3.2.11) lib/rails/rack/logger.rb:16:in `call'
  actionpack (3.2.11) lib/action_dispatch/middleware/request_id.rb:22:in `call'
  rack (1.4.4) lib/rack/methodoverride.rb:21:in `call'
  rack (1.4.4) lib/rack/runtime.rb:17:in `call'
  activesupport (3.2.11) lib/active_support/cache/strategy/local_cache.rb:72:in `call'
  rack (1.4.4) lib/rack/lock.rb:15:in `call'
  actionpack (3.2.11) lib/action_dispatch/middleware/static.rb:62:in `call'
  railties (3.2.11) lib/rails/engine.rb:479:in `call'
  railties (3.2.11) lib/rails/application.rb:223:in `call'
  rack (1.4.4) lib/rack/content_length.rb:14:in `call'
  railties (3.2.11) lib/rails/rack/log_tailer.rb:17:in `call'
  rack (1.4.4) lib/rack/handler/webrick.rb:59:in `service'
  /Users/aleph/.rvm/rubies/ruby-1.9.2-p320/lib/ruby/1.9.1/webrick/httpserver.rb:111:in `service'
  /Users/aleph/.rvm/rubies/ruby-1.9.2-p320/lib/ruby/1.9.1/webrick/httpserver.rb:70:in `run'
  /Users/aleph/.rvm/rubies/ruby-1.9.2-p320/lib/ruby/1.9.1/webrick/server.rb:183:in `block in start_thread'


  Rendered /Users/aleph/.rvm/gems/ruby-1.9.2-p320/gems/actionpack-3.2.11/lib/action_dispatch/middleware/templates/rescues/routing_error.erb within rescues/layout (3.4ms)


Started GET "/processes/list" for 127.0.0.1 at 2013-01-20 18:51:58 -0600

ActionController::RoutingError (No route matches [GET] "/processes/list"):
  actionpack (3.2.11) lib/action_dispatch/middleware/debug_exceptions.rb:21:in `call'
  actionpack (3.2.11) lib/action_dispatch/middleware/show_exceptions.rb:56:in `call'
  railties (3.2.11) lib/rails/rack/logger.rb:32:in `call_app'
  railties (3.2.11) lib/rails/rack/logger.rb:16:in `block in call'
  activesupport (3.2.11) lib/active_support/tagged_logging.rb:22:in `tagged'
  railties (3.2.11) lib/rails/rack/logger.rb:16:in `call'
  actionpack (3.2.11) lib/action_dispatch/middleware/request_id.rb:22:in `call'
  rack (1.4.4) lib/rack/methodoverride.rb:21:in `call'
  rack (1.4.4) lib/rack/runtime.rb:17:in `call'
  activesupport (3.2.11) lib/active_support/cache/strategy/local_cache.rb:72:in `call'
  rack (1.4.4) lib/rack/lock.rb:15:in `call'
  actionpack (3.2.11) lib/action_dispatch/middleware/static.rb:62:in `call'
  railties (3.2.11) lib/rails/engine.rb:479:in `call'
  railties (3.2.11) lib/rails/application.rb:223:in `call'
  rack (1.4.4) lib/rack/content_length.rb:14:in `call'
  railties (3.2.11) lib/rails/rack/log_tailer.rb:17:in `call'
  rack (1.4.4) lib/rack/handler/webrick.rb:59:in `service'
  /Users/aleph/.rvm/rubies/ruby-1.9.2-p320/lib/ruby/1.9.1/webrick/httpserver.rb:111:in `service'
  /Users/aleph/.rvm/rubies/ruby-1.9.2-p320/lib/ruby/1.9.1/webrick/httpserver.rb:70:in `run'
  /Users/aleph/.rvm/rubies/ruby-1.9.2-p320/lib/ruby/1.9.1/webrick/server.rb:183:in `block in start_thread'


  Rendered /Users/aleph/.rvm/gems/ruby-1.9.2-p320/gems/actionpack-3.2.11/lib/action_dispatch/middleware/templates/rescues/routing_error.erb within rescues/layout (0.6ms)


Started GET "/processes/list" for 127.0.0.1 at 2013-01-20 18:52:01 -0600

ActionController::RoutingError (No route matches [GET] "/processes/list"):
  actionpack (3.2.11) lib/action_dispatch/middleware/debug_exceptions.rb:21:in `call'
  actionpack (3.2.11) lib/action_dispatch/middleware/show_exceptions.rb:56:in `call'
  railties (3.2.11) lib/rails/rack/logger.rb:32:in `call_app'
  railties (3.2.11) lib/rails/rack/logger.rb:16:in `block in call'
  activesupport (3.2.11) lib/active_support/tagged_logging.rb:22:in `tagged'
  railties (3.2.11) lib/rails/rack/logger.rb:16:in `call'
  actionpack (3.2.11) lib/action_dispatch/middleware/request_id.rb:22:in `call'
  rack (1.4.4) lib/rack/methodoverride.rb:21:in `call'
  rack (1.4.4) lib/rack/runtime.rb:17:in `call'
  activesupport (3.2.11) lib/active_support/cache/strategy/local_cache.rb:72:in `call'
  rack (1.4.4) lib/rack/lock.rb:15:in `call'
  actionpack (3.2.11) lib/action_dispatch/middleware/static.rb:62:in `call'
  railties (3.2.11) lib/rails/engine.rb:479:in `call'
  railties (3.2.11) lib/rails/application.rb:223:in `call'
  rack (1.4.4) lib/rack/content_length.rb:14:in `call'
  railties (3.2.11) lib/rails/rack/log_tailer.rb:17:in `call'
  rack (1.4.4) lib/rack/handler/webrick.rb:59:in `service'
  /Users/aleph/.rvm/rubies/ruby-1.9.2-p320/lib/ruby/1.9.1/webrick/httpserver.rb:111:in `service'
  /Users/aleph/.rvm/rubies/ruby-1.9.2-p320/lib/ruby/1.9.1/webrick/httpserver.rb:70:in `run'
  /Users/aleph/.rvm/rubies/ruby-1.9.2-p320/lib/ruby/1.9.1/webrick/server.rb:183:in `block in start_thread'


  Rendered /Users/aleph/.rvm/gems/ruby-1.9.2-p320/gems/actionpack-3.2.11/lib/action_dispatch/middleware/templates/rescues/routing_error.erb within rescues/layout (0.6ms)


Started GET "/processes/list" for 127.0.0.1 at 2013-01-20 18:52:04 -0600

ActionController::RoutingError (No route matches [GET] "/processes/list"):
  actionpack (3.2.11) lib/action_dispatch/middleware/debug_exceptions.rb:21:in `call'
  actionpack (3.2.11) lib/action_dispatch/middleware/show_exceptions.rb:56:in `call'
  railties (3.2.11) lib/rails/rack/logger.rb:32:in `call_app'
  railties (3.2.11) lib/rails/rack/logger.rb:16:in `block in call'
  activesupport (3.2.11) lib/active_support/tagged_logging.rb:22:in `tagged'
  railties (3.2.11) lib/rails/rack/logger.rb:16:in `call'
  actionpack (3.2.11) lib/action_dispatch/middleware/request_id.rb:22:in `call'
  rack (1.4.4) lib/rack/methodoverride.rb:21:in `call'
  rack (1.4.4) lib/rack/runtime.rb:17:in `call'
  activesupport (3.2.11) lib/active_support/cache/strategy/local_cache.rb:72:in `call'
  rack (1.4.4) lib/rack/lock.rb:15:in `call'
  actionpack (3.2.11) lib/action_dispatch/middleware/static.rb:62:in `call'
  railties (3.2.11) lib/rails/engine.rb:479:in `call'
  railties (3.2.11) lib/rails/application.rb:223:in `call'
  rack (1.4.4) lib/rack/content_length.rb:14:in `call'
  railties (3.2.11) lib/rails/rack/log_tailer.rb:17:in `call'
  rack (1.4.4) lib/rack/handler/webrick.rb:59:in `service'
  /Users/aleph/.rvm/rubies/ruby-1.9.2-p320/lib/ruby/1.9.1/webrick/httpserver.rb:111:in `service'
  /Users/aleph/.rvm/rubies/ruby-1.9.2-p320/lib/ruby/1.9.1/webrick/httpserver.rb:70:in `run'
  /Users/aleph/.rvm/rubies/ruby-1.9.2-p320/lib/ruby/1.9.1/webrick/server.rb:183:in `block in start_thread'


  Rendered /Users/aleph/.rvm/gems/ruby-1.9.2-p320/gems/actionpack-3.2.11/lib/action_dispatch/middleware/templates/rescues/routing_error.erb within rescues/layout (0.7ms)


Started GET "/processes/list" for 127.0.0.1 at 2013-01-20 18:52:07 -0600

ActionController::RoutingError (No route matches [GET] "/processes/list"):
  actionpack (3.2.11) lib/action_dispatch/middleware/debug_exceptions.rb:21:in `call'
  actionpack (3.2.11) lib/action_dispatch/middleware/show_exceptions.rb:56:in `call'
  railties (3.2.11) lib/rails/rack/logger.rb:32:in `call_app'
  railties (3.2.11) lib/rails/rack/logger.rb:16:in `block in call'
  activesupport (3.2.11) lib/active_support/tagged_logging.rb:22:in `tagged'
  railties (3.2.11) lib/rails/rack/logger.rb:16:in `call'
  actionpack (3.2.11) lib/action_dispatch/middleware/request_id.rb:22:in `call'
  rack (1.4.4) lib/rack/methodoverride.rb:21:in `call'
  rack (1.4.4) lib/rack/runtime.rb:17:in `call'
  activesupport (3.2.11) lib/active_support/cache/strategy/local_cache.rb:72:in `call'
  rack (1.4.4) lib/rack/lock.rb:15:in `call'
  actionpack (3.2.11) lib/action_dispatch/middleware/static.rb:62:in `call'
  railties (3.2.11) lib/rails/engine.rb:479:in `call'
  railties (3.2.11) lib/rails/application.rb:223:in `call'
  rack (1.4.4) lib/rack/content_length.rb:14:in `call'
  railties (3.2.11) lib/rails/rack/log_tailer.rb:17:in `call'
  rack (1.4.4) lib/rack/handler/webrick.rb:59:in `service'
  /Users/aleph/.rvm/rubies/ruby-1.9.2-p320/lib/ruby/1.9.1/webrick/httpserver.rb:111:in `service'
  /Users/aleph/.rvm/rubies/ruby-1.9.2-p320/lib/ruby/1.9.1/webrick/httpserver.rb:70:in `run'
  /Users/aleph/.rvm/rubies/ruby-1.9.2-p320/lib/ruby/1.9.1/webrick/server.rb:183:in `block in start_thread'


  Rendered /Users/aleph/.rvm/gems/ruby-1.9.2-p320/gems/actionpack-3.2.11/lib/action_dispatch/middleware/templates/rescues/routing_error.erb within rescues/layout (0.8ms)


Started GET "/processes/list" for 127.0.0.1 at 2013-01-20 18:52:10 -0600

ActionController::RoutingError (No route matches [GET] "/processes/list"):
  actionpack (3.2.11) lib/action_dispatch/middleware/debug_exceptions.rb:21:in `call'
  actionpack (3.2.11) lib/action_dispatch/middleware/show_exceptions.rb:56:in `call'
  railties (3.2.11) lib/rails/rack/logger.rb:32:in `call_app'
  railties (3.2.11) lib/rails/rack/logger.rb:16:in `block in call'
  activesupport (3.2.11) lib/active_support/tagged_logging.rb:22:in `tagged'
  railties (3.2.11) lib/rails/rack/logger.rb:16:in `call'
  actionpack (3.2.11) lib/action_dispatch/middleware/request_id.rb:22:in `call'
  rack (1.4.4) lib/rack/methodoverride.rb:21:in `call'
  rack (1.4.4) lib/rack/runtime.rb:17:in `call'
  activesupport (3.2.11) lib/active_support/cache/strategy/local_cache.rb:72:in `call'
  rack (1.4.4) lib/rack/lock.rb:15:in `call'
  actionpack (3.2.11) lib/action_dispatch/middleware/static.rb:62:in `call'
  railties (3.2.11) lib/rails/engine.rb:479:in `call'
  railties (3.2.11) lib/rails/application.rb:223:in `call'
  rack (1.4.4) lib/rack/content_length.rb:14:in `call'
  railties (3.2.11) lib/rails/rack/log_tailer.rb:17:in `call'
  rack (1.4.4) lib/rack/handler/webrick.rb:59:in `service'
  /Users/aleph/.rvm/rubies/ruby-1.9.2-p320/lib/ruby/1.9.1/webrick/httpserver.rb:111:in `service'
  /Users/aleph/.rvm/rubies/ruby-1.9.2-p320/lib/ruby/1.9.1/webrick/httpserver.rb:70:in `run'
  /Users/aleph/.rvm/rubies/ruby-1.9.2-p320/lib/ruby/1.9.1/webrick/server.rb:183:in `block in start_thread'


  Rendered /Users/aleph/.rvm/gems/ruby-1.9.2-p320/gems/actionpack-3.2.11/lib/action_dispatch/middleware/templates/rescues/routing_error.erb within rescues/layout (0.7ms)


Started GET "/processes/list" for 127.0.0.1 at 2013-01-20 18:52:13 -0600

ActionController::RoutingError (No route matches [GET] "/processes/list"):
  actionpack (3.2.11) lib/action_dispatch/middleware/debug_exceptions.rb:21:in `call'
  actionpack (3.2.11) lib/action_dispatch/middleware/show_exceptions.rb:56:in `call'
  railties (3.2.11) lib/rails/rack/logger.rb:32:in `call_app'
  railties (3.2.11) lib/rails/rack/logger.rb:16:in `block in call'
  activesupport (3.2.11) lib/active_support/tagged_logging.rb:22:in `tagged'
  railties (3.2.11) lib/rails/rack/logger.rb:16:in `call'
  actionpack (3.2.11) lib/action_dispatch/middleware/request_id.rb:22:in `call'
  rack (1.4.4) lib/rack/methodoverride.rb:21:in `call'
  rack (1.4.4) lib/rack/runtime.rb:17:in `call'
  activesupport (3.2.11) lib/active_support/cache/strategy/local_cache.rb:72:in `call'
  rack (1.4.4) lib/rack/lock.rb:15:in `call'
  actionpack (3.2.11) lib/action_dispatch/middleware/static.rb:62:in `call'
  railties (3.2.11) lib/rails/engine.rb:479:in `call'
  railties (3.2.11) lib/rails/application.rb:223:in `call'
  rack (1.4.4) lib/rack/content_length.rb:14:in `call'
  railties (3.2.11) lib/rails/rack/log_tailer.rb:17:in `call'
  rack (1.4.4) lib/rack/handler/webrick.rb:59:in `service'
  /Users/aleph/.rvm/rubies/ruby-1.9.2-p320/lib/ruby/1.9.1/webrick/httpserver.rb:111:in `service'
  /Users/aleph/.rvm/rubies/ruby-1.9.2-p320/lib/ruby/1.9.1/webrick/httpserver.rb:70:in `run'
  /Users/aleph/.rvm/rubies/ruby-1.9.2-p320/lib/ruby/1.9.1/webrick/server.rb:183:in `block in start_thread'


  Rendered /Users/aleph/.rvm/gems/ruby-1.9.2-p320/gems/actionpack-3.2.11/lib/action_dispatch/middleware/templates/rescues/routing_error.erb within rescues/layout (0.7ms)


Started GET "/processes/list" for 127.0.0.1 at 2013-01-20 18:52:16 -0600

ActionController::RoutingError (No route matches [GET] "/processes/list"):
  actionpack (3.2.11) lib/action_dispatch/middleware/debug_exceptions.rb:21:in `call'
  actionpack (3.2.11) lib/action_dispatch/middleware/show_exceptions.rb:56:in `call'
  railties (3.2.11) lib/rails/rack/logger.rb:32:in `call_app'
  railties (3.2.11) lib/rails/rack/logger.rb:16:in `block in call'
  activesupport (3.2.11) lib/active_support/tagged_logging.rb:22:in `tagged'
  railties (3.2.11) lib/rails/rack/logger.rb:16:in `call'
  actionpack (3.2.11) lib/action_dispatch/middleware/request_id.rb:22:in `call'
  rack (1.4.4) lib/rack/methodoverride.rb:21:in `call'
  rack (1.4.4) lib/rack/runtime.rb:17:in `call'
  activesupport (3.2.11) lib/active_support/cache/strategy/local_cache.rb:72:in `call'
  rack (1.4.4) lib/rack/lock.rb:15:in `call'
  actionpack (3.2.11) lib/action_dispatch/middleware/static.rb:62:in `call'
  railties (3.2.11) lib/rails/engine.rb:479:in `call'
  railties (3.2.11) lib/rails/application.rb:223:in `call'
  rack (1.4.4) lib/rack/content_length.rb:14:in `call'
  railties (3.2.11) lib/rails/rack/log_tailer.rb:17:in `call'
  rack (1.4.4) lib/rack/handler/webrick.rb:59:in `service'
  /Users/aleph/.rvm/rubies/ruby-1.9.2-p320/lib/ruby/1.9.1/webrick/httpserver.rb:111:in `service'
  /Users/aleph/.rvm/rubies/ruby-1.9.2-p320/lib/ruby/1.9.1/webrick/httpserver.rb:70:in `run'
  /Users/aleph/.rvm/rubies/ruby-1.9.2-p320/lib/ruby/1.9.1/webrick/server.rb:183:in `block in start_thread'


  Rendered /Users/aleph/.rvm/gems/ruby-1.9.2-p320/gems/actionpack-3.2.11/lib/action_dispatch/middleware/templates/rescues/routing_error.erb within rescues/layout (0.7ms)


Started GET "/processes/list" for 127.0.0.1 at 2013-01-20 18:52:19 -0600

ActionController::RoutingError (No route matches [GET] "/processes/list"):
  actionpack (3.2.11) lib/action_dispatch/middleware/debug_exceptions.rb:21:in `call'
  actionpack (3.2.11) lib/action_dispatch/middleware/show_exceptions.rb:56:in `call'
  railties (3.2.11) lib/rails/rack/logger.rb:32:in `call_app'
  railties (3.2.11) lib/rails/rack/logger.rb:16:in `block in call'
  activesupport (3.2.11) lib/active_support/tagged_logging.rb:22:in `tagged'
  railties (3.2.11) lib/rails/rack/logger.rb:16:in `call'
  actionpack (3.2.11) lib/action_dispatch/middleware/request_id.rb:22:in `call'
  rack (1.4.4) lib/rack/methodoverride.rb:21:in `call'
  rack (1.4.4) lib/rack/runtime.rb:17:in `call'
  activesupport (3.2.11) lib/active_support/cache/strategy/local_cache.rb:72:in `call'
  rack (1.4.4) lib/rack/lock.rb:15:in `call'
  actionpack (3.2.11) lib/action_dispatch/middleware/static.rb:62:in `call'
  railties (3.2.11) lib/rails/engine.rb:479:in `call'
  railties (3.2.11) lib/rails/application.rb:223:in `call'
  rack (1.4.4) lib/rack/content_length.rb:14:in `call'
  railties (3.2.11) lib/rails/rack/log_tailer.rb:17:in `call'
  rack (1.4.4) lib/rack/handler/webrick.rb:59:in `service'
  /Users/aleph/.rvm/rubies/ruby-1.9.2-p320/lib/ruby/1.9.1/webrick/httpserver.rb:111:in `service'
  /Users/aleph/.rvm/rubies/ruby-1.9.2-p320/lib/ruby/1.9.1/webrick/httpserver.rb:70:in `run'
  /Users/aleph/.rvm/rubies/ruby-1.9.2-p320/lib/ruby/1.9.1/webrick/server.rb:183:in `block in start_thread'


  Rendered /Users/aleph/.rvm/gems/ruby-1.9.2-p320/gems/actionpack-3.2.11/lib/action_dispatch/middleware/templates/rescues/routing_error.erb within rescues/layout (0.7ms)


Started GET "/processes/list" for 127.0.0.1 at 2013-01-20 18:52:22 -0600

ActionController::RoutingError (No route matches [GET] "/processes/list"):
  actionpack (3.2.11) lib/action_dispatch/middleware/debug_exceptions.rb:21:in `call'
  actionpack (3.2.11) lib/action_dispatch/middleware/show_exceptions.rb:56:in `call'
  railties (3.2.11) lib/rails/rack/logger.rb:32:in `call_app'
  railties (3.2.11) lib/rails/rack/logger.rb:16:in `block in call'
  activesupport (3.2.11) lib/active_support/tagged_logging.rb:22:in `tagged'
  railties (3.2.11) lib/rails/rack/logger.rb:16:in `call'
  actionpack (3.2.11) lib/action_dispatch/middleware/request_id.rb:22:in `call'
  rack (1.4.4) lib/rack/methodoverride.rb:21:in `call'
  rack (1.4.4) lib/rack/runtime.rb:17:in `call'
  activesupport (3.2.11) lib/active_support/cache/strategy/local_cache.rb:72:in `call'
  rack (1.4.4) lib/rack/lock.rb:15:in `call'
  actionpack (3.2.11) lib/action_dispatch/middleware/static.rb:62:in `call'
  railties (3.2.11) lib/rails/engine.rb:479:in `call'
  railties (3.2.11) lib/rails/application.rb:223:in `call'
  rack (1.4.4) lib/rack/content_length.rb:14:in `call'
  railties (3.2.11) lib/rails/rack/log_tailer.rb:17:in `call'
  rack (1.4.4) lib/rack/handler/webrick.rb:59:in `service'
  /Users/aleph/.rvm/rubies/ruby-1.9.2-p320/lib/ruby/1.9.1/webrick/httpserver.rb:111:in `service'
  /Users/aleph/.rvm/rubies/ruby-1.9.2-p320/lib/ruby/1.9.1/webrick/httpserver.rb:70:in `run'
  /Users/aleph/.rvm/rubies/ruby-1.9.2-p320/lib/ruby/1.9.1/webrick/server.rb:183:in `block in start_thread'


  Rendered /Users/aleph/.rvm/gems/ruby-1.9.2-p320/gems/actionpack-3.2.11/lib/action_dispatch/middleware/templates/rescues/routing_error.erb within rescues/layout (0.7ms)


Started GET "/processes/list" for 127.0.0.1 at 2013-01-20 18:52:25 -0600

ActionController::RoutingError (No route matches [GET] "/processes/list"):
  actionpack (3.2.11) lib/action_dispatch/middleware/debug_exceptions.rb:21:in `call'
  actionpack (3.2.11) lib/action_dispatch/middleware/show_exceptions.rb:56:in `call'
  railties (3.2.11) lib/rails/rack/logger.rb:32:in `call_app'
  railties (3.2.11) lib/rails/rack/logger.rb:16:in `block in call'
  activesupport (3.2.11) lib/active_support/tagged_logging.rb:22:in `tagged'
  railties (3.2.11) lib/rails/rack/logger.rb:16:in `call'
  actionpack (3.2.11) lib/action_dispatch/middleware/request_id.rb:22:in `call'
  rack (1.4.4) lib/rack/methodoverride.rb:21:in `call'
  rack (1.4.4) lib/rack/runtime.rb:17:in `call'
  activesupport (3.2.11) lib/active_support/cache/strategy/local_cache.rb:72:in `call'
  rack (1.4.4) lib/rack/lock.rb:15:in `call'
  actionpack (3.2.11) lib/action_dispatch/middleware/static.rb:62:in `call'
  railties (3.2.11) lib/rails/engine.rb:479:in `call'
  railties (3.2.11) lib/rails/application.rb:223:in `call'
  rack (1.4.4) lib/rack/content_length.rb:14:in `call'
  railties (3.2.11) lib/rails/rack/log_tailer.rb:17:in `call'
  rack (1.4.4) lib/rack/handler/webrick.rb:59:in `service'
  /Users/aleph/.rvm/rubies/ruby-1.9.2-p320/lib/ruby/1.9.1/webrick/httpserver.rb:111:in `service'
  /Users/aleph/.rvm/rubies/ruby-1.9.2-p320/lib/ruby/1.9.1/webrick/httpserver.rb:70:in `run'
  /Users/aleph/.rvm/rubies/ruby-1.9.2-p320/lib/ruby/1.9.1/webrick/server.rb:183:in `block in start_thread'


  Rendered /Users/aleph/.rvm/gems/ruby-1.9.2-p320/gems/actionpack-3.2.11/lib/action_dispatch/middleware/templates/rescues/routing_error.erb within rescues/layout (0.6ms)


Started GET "/processes/list" for 127.0.0.1 at 2013-01-20 18:52:28 -0600

ActionController::RoutingError (No route matches [GET] "/processes/list"):
  actionpack (3.2.11) lib/action_dispatch/middleware/debug_exceptions.rb:21:in `call'
  actionpack (3.2.11) lib/action_dispatch/middleware/show_exceptions.rb:56:in `call'
  railties (3.2.11) lib/rails/rack/logger.rb:32:in `call_app'
  railties (3.2.11) lib/rails/rack/logger.rb:16:in `block in call'
  activesupport (3.2.11) lib/active_support/tagged_logging.rb:22:in `tagged'
  railties (3.2.11) lib/rails/rack/logger.rb:16:in `call'
  actionpack (3.2.11) lib/action_dispatch/middleware/request_id.rb:22:in `call'
  rack (1.4.4) lib/rack/methodoverride.rb:21:in `call'
  rack (1.4.4) lib/rack/runtime.rb:17:in `call'
  activesupport (3.2.11) lib/active_support/cache/strategy/local_cache.rb:72:in `call'
  rack (1.4.4) lib/rack/lock.rb:15:in `call'
  actionpack (3.2.11) lib/action_dispatch/middleware/static.rb:62:in `call'
  railties (3.2.11) lib/rails/engine.rb:479:in `call'
  railties (3.2.11) lib/rails/application.rb:223:in `call'
  rack (1.4.4) lib/rack/content_length.rb:14:in `call'
  railties (3.2.11) lib/rails/rack/log_tailer.rb:17:in `call'
  rack (1.4.4) lib/rack/handler/webrick.rb:59:in `service'
  /Users/aleph/.rvm/rubies/ruby-1.9.2-p320/lib/ruby/1.9.1/webrick/httpserver.rb:111:in `service'
  /Users/aleph/.rvm/rubies/ruby-1.9.2-p320/lib/ruby/1.9.1/webrick/httpserver.rb:70:in `run'
  /Users/aleph/.rvm/rubies/ruby-1.9.2-p320/lib/ruby/1.9.1/webrick/server.rb:183:in `block in start_thread'


  Rendered /Users/aleph/.rvm/gems/ruby-1.9.2-p320/gems/actionpack-3.2.11/lib/action_dispatch/middleware/templates/rescues/routing_error.erb within rescues/layout (0.7ms)


Started GET "/processes/list" for 127.0.0.1 at 2013-01-20 18:52:31 -0600

ActionController::RoutingError (No route matches [GET] "/processes/list"):
  actionpack (3.2.11) lib/action_dispatch/middleware/debug_exceptions.rb:21:in `call'
  actionpack (3.2.11) lib/action_dispatch/middleware/show_exceptions.rb:56:in `call'
  railties (3.2.11) lib/rails/rack/logger.rb:32:in `call_app'
  railties (3.2.11) lib/rails/rack/logger.rb:16:in `block in call'
  activesupport (3.2.11) lib/active_support/tagged_logging.rb:22:in `tagged'
  railties (3.2.11) lib/rails/rack/logger.rb:16:in `call'
  actionpack (3.2.11) lib/action_dispatch/middleware/request_id.rb:22:in `call'
  rack (1.4.4) lib/rack/methodoverride.rb:21:in `call'
  rack (1.4.4) lib/rack/runtime.rb:17:in `call'
  activesupport (3.2.11) lib/active_support/cache/strategy/local_cache.rb:72:in `call'
  rack (1.4.4) lib/rack/lock.rb:15:in `call'
  actionpack (3.2.11) lib/action_dispatch/middleware/static.rb:62:in `call'
  railties (3.2.11) lib/rails/engine.rb:479:in `call'
  railties (3.2.11) lib/rails/application.rb:223:in `call'
  rack (1.4.4) lib/rack/content_length.rb:14:in `call'
  railties (3.2.11) lib/rails/rack/log_tailer.rb:17:in `call'
  rack (1.4.4) lib/rack/handler/webrick.rb:59:in `service'
  /Users/aleph/.rvm/rubies/ruby-1.9.2-p320/lib/ruby/1.9.1/webrick/httpserver.rb:111:in `service'
  /Users/aleph/.rvm/rubies/ruby-1.9.2-p320/lib/ruby/1.9.1/webrick/httpserver.rb:70:in `run'
  /Users/aleph/.rvm/rubies/ruby-1.9.2-p320/lib/ruby/1.9.1/webrick/server.rb:183:in `block in start_thread'


  Rendered /Users/aleph/.rvm/gems/ruby-1.9.2-p320/gems/actionpack-3.2.11/lib/action_dispatch/middleware/templates/rescues/routing_error.erb within rescues/layout (0.6ms)


Started GET "/processes/list" for 127.0.0.1 at 2013-01-20 18:52:34 -0600

ActionController::RoutingError (No route matches [GET] "/processes/list"):
  actionpack (3.2.11) lib/action_dispatch/middleware/debug_exceptions.rb:21:in `call'
  actionpack (3.2.11) lib/action_dispatch/middleware/show_exceptions.rb:56:in `call'
  railties (3.2.11) lib/rails/rack/logger.rb:32:in `call_app'
  railties (3.2.11) lib/rails/rack/logger.rb:16:in `block in call'
  activesupport (3.2.11) lib/active_support/tagged_logging.rb:22:in `tagged'
  railties (3.2.11) lib/rails/rack/logger.rb:16:in `call'
  actionpack (3.2.11) lib/action_dispatch/middleware/request_id.rb:22:in `call'
  rack (1.4.4) lib/rack/methodoverride.rb:21:in `call'
  rack (1.4.4) lib/rack/runtime.rb:17:in `call'
  activesupport (3.2.11) lib/active_support/cache/strategy/local_cache.rb:72:in `call'
  rack (1.4.4) lib/rack/lock.rb:15:in `call'
  actionpack (3.2.11) lib/action_dispatch/middleware/static.rb:62:in `call'
  railties (3.2.11) lib/rails/engine.rb:479:in `call'
  railties (3.2.11) lib/rails/application.rb:223:in `call'
  rack (1.4.4) lib/rack/content_length.rb:14:in `call'
  railties (3.2.11) lib/rails/rack/log_tailer.rb:17:in `call'
  rack (1.4.4) lib/rack/handler/webrick.rb:59:in `service'
  /Users/aleph/.rvm/rubies/ruby-1.9.2-p320/lib/ruby/1.9.1/webrick/httpserver.rb:111:in `service'
  /Users/aleph/.rvm/rubies/ruby-1.9.2-p320/lib/ruby/1.9.1/webrick/httpserver.rb:70:in `run'
  /Users/aleph/.rvm/rubies/ruby-1.9.2-p320/lib/ruby/1.9.1/webrick/server.rb:183:in `block in start_thread'


  Rendered /Users/aleph/.rvm/gems/ruby-1.9.2-p320/gems/actionpack-3.2.11/lib/action_dispatch/middleware/templates/rescues/routing_error.erb within rescues/layout (0.9ms)


Started GET "/processes/list" for 127.0.0.1 at 2013-01-20 18:52:37 -0600

ActionController::RoutingError (No route matches [GET] "/processes/list"):
  actionpack (3.2.11) lib/action_dispatch/middleware/debug_exceptions.rb:21:in `call'
  actionpack (3.2.11) lib/action_dispatch/middleware/show_exceptions.rb:56:in `call'
  railties (3.2.11) lib/rails/rack/logger.rb:32:in `call_app'
  railties (3.2.11) lib/rails/rack/logger.rb:16:in `block in call'
  activesupport (3.2.11) lib/active_support/tagged_logging.rb:22:in `tagged'
  railties (3.2.11) lib/rails/rack/logger.rb:16:in `call'
  actionpack (3.2.11) lib/action_dispatch/middleware/request_id.rb:22:in `call'
  rack (1.4.4) lib/rack/methodoverride.rb:21:in `call'
  rack (1.4.4) lib/rack/runtime.rb:17:in `call'
  activesupport (3.2.11) lib/active_support/cache/strategy/local_cache.rb:72:in `call'
  rack (1.4.4) lib/rack/lock.rb:15:in `call'
  actionpack (3.2.11) lib/action_dispatch/middleware/static.rb:62:in `call'
  railties (3.2.11) lib/rails/engine.rb:479:in `call'
  railties (3.2.11) lib/rails/application.rb:223:in `call'
  rack (1.4.4) lib/rack/content_length.rb:14:in `call'
  railties (3.2.11) lib/rails/rack/log_tailer.rb:17:in `call'
  rack (1.4.4) lib/rack/handler/webrick.rb:59:in `service'
  /Users/aleph/.rvm/rubies/ruby-1.9.2-p320/lib/ruby/1.9.1/webrick/httpserver.rb:111:in `service'
  /Users/aleph/.rvm/rubies/ruby-1.9.2-p320/lib/ruby/1.9.1/webrick/httpserver.rb:70:in `run'
  /Users/aleph/.rvm/rubies/ruby-1.9.2-p320/lib/ruby/1.9.1/webrick/server.rb:183:in `block in start_thread'


  Rendered /Users/aleph/.rvm/gems/ruby-1.9.2-p320/gems/actionpack-3.2.11/lib/action_dispatch/middleware/templates/rescues/routing_error.erb within rescues/layout (0.8ms)


Started GET "/processes/list" for 127.0.0.1 at 2013-01-20 18:52:40 -0600

ActionController::RoutingError (No route matches [GET] "/processes/list"):
  actionpack (3.2.11) lib/action_dispatch/middleware/debug_exceptions.rb:21:in `call'
  actionpack (3.2.11) lib/action_dispatch/middleware/show_exceptions.rb:56:in `call'
  railties (3.2.11) lib/rails/rack/logger.rb:32:in `call_app'
  railties (3.2.11) lib/rails/rack/logger.rb:16:in `block in call'
  activesupport (3.2.11) lib/active_support/tagged_logging.rb:22:in `tagged'
  railties (3.2.11) lib/rails/rack/logger.rb:16:in `call'
  actionpack (3.2.11) lib/action_dispatch/middleware/request_id.rb:22:in `call'
  rack (1.4.4) lib/rack/methodoverride.rb:21:in `call'
  rack (1.4.4) lib/rack/runtime.rb:17:in `call'
  activesupport (3.2.11) lib/active_support/cache/strategy/local_cache.rb:72:in `call'
  rack (1.4.4) lib/rack/lock.rb:15:in `call'
  actionpack (3.2.11) lib/action_dispatch/middleware/static.rb:62:in `call'
  railties (3.2.11) lib/rails/engine.rb:479:in `call'
  railties (3.2.11) lib/rails/application.rb:223:in `call'
  rack (1.4.4) lib/rack/content_length.rb:14:in `call'
  railties (3.2.11) lib/rails/rack/log_tailer.rb:17:in `call'
  rack (1.4.4) lib/rack/handler/webrick.rb:59:in `service'
  /Users/aleph/.rvm/rubies/ruby-1.9.2-p320/lib/ruby/1.9.1/webrick/httpserver.rb:111:in `service'
  /Users/aleph/.rvm/rubies/ruby-1.9.2-p320/lib/ruby/1.9.1/webrick/httpserver.rb:70:in `run'
  /Users/aleph/.rvm/rubies/ruby-1.9.2-p320/lib/ruby/1.9.1/webrick/server.rb:183:in `block in start_thread'


  Rendered /Users/aleph/.rvm/gems/ruby-1.9.2-p320/gems/actionpack-3.2.11/lib/action_dispatch/middleware/templates/rescues/routing_error.erb within rescues/layout (0.7ms)


Started GET "/processes/list" for 127.0.0.1 at 2013-01-20 18:52:43 -0600

ActionController::RoutingError (No route matches [GET] "/processes/list"):
  actionpack (3.2.11) lib/action_dispatch/middleware/debug_exceptions.rb:21:in `call'
  actionpack (3.2.11) lib/action_dispatch/middleware/show_exceptions.rb:56:in `call'
  railties (3.2.11) lib/rails/rack/logger.rb:32:in `call_app'
  railties (3.2.11) lib/rails/rack/logger.rb:16:in `block in call'
  activesupport (3.2.11) lib/active_support/tagged_logging.rb:22:in `tagged'
  railties (3.2.11) lib/rails/rack/logger.rb:16:in `call'
  actionpack (3.2.11) lib/action_dispatch/middleware/request_id.rb:22:in `call'
  rack (1.4.4) lib/rack/methodoverride.rb:21:in `call'
  rack (1.4.4) lib/rack/runtime.rb:17:in `call'
  activesupport (3.2.11) lib/active_support/cache/strategy/local_cache.rb:72:in `call'
  rack (1.4.4) lib/rack/lock.rb:15:in `call'
  actionpack (3.2.11) lib/action_dispatch/middleware/static.rb:62:in `call'
  railties (3.2.11) lib/rails/engine.rb:479:in `call'
  railties (3.2.11) lib/rails/application.rb:223:in `call'
  rack (1.4.4) lib/rack/content_length.rb:14:in `call'
  railties (3.2.11) lib/rails/rack/log_tailer.rb:17:in `call'
  rack (1.4.4) lib/rack/handler/webrick.rb:59:in `service'
  /Users/aleph/.rvm/rubies/ruby-1.9.2-p320/lib/ruby/1.9.1/webrick/httpserver.rb:111:in `service'
  /Users/aleph/.rvm/rubies/ruby-1.9.2-p320/lib/ruby/1.9.1/webrick/httpserver.rb:70:in `run'
  /Users/aleph/.rvm/rubies/ruby-1.9.2-p320/lib/ruby/1.9.1/webrick/server.rb:183:in `block in start_thread'


  Rendered /Users/aleph/.rvm/gems/ruby-1.9.2-p320/gems/actionpack-3.2.11/lib/action_dispatch/middleware/templates/rescues/routing_error.erb within rescues/layout (0.7ms)


Started GET "/processes/list" for 127.0.0.1 at 2013-01-20 18:52:46 -0600

ActionController::RoutingError (No route matches [GET] "/processes/list"):
  actionpack (3.2.11) lib/action_dispatch/middleware/debug_exceptions.rb:21:in `call'
  actionpack (3.2.11) lib/action_dispatch/middleware/show_exceptions.rb:56:in `call'
  railties (3.2.11) lib/rails/rack/logger.rb:32:in `call_app'
  railties (3.2.11) lib/rails/rack/logger.rb:16:in `block in call'
  activesupport (3.2.11) lib/active_support/tagged_logging.rb:22:in `tagged'
  railties (3.2.11) lib/rails/rack/logger.rb:16:in `call'
  actionpack (3.2.11) lib/action_dispatch/middleware/request_id.rb:22:in `call'
  rack (1.4.4) lib/rack/methodoverride.rb:21:in `call'
  rack (1.4.4) lib/rack/runtime.rb:17:in `call'
  activesupport (3.2.11) lib/active_support/cache/strategy/local_cache.rb:72:in `call'
  rack (1.4.4) lib/rack/lock.rb:15:in `call'
  actionpack (3.2.11) lib/action_dispatch/middleware/static.rb:62:in `call'
  railties (3.2.11) lib/rails/engine.rb:479:in `call'
  railties (3.2.11) lib/rails/application.rb:223:in `call'
  rack (1.4.4) lib/rack/content_length.rb:14:in `call'
  railties (3.2.11) lib/rails/rack/log_tailer.rb:17:in `call'
  rack (1.4.4) lib/rack/handler/webrick.rb:59:in `service'
  /Users/aleph/.rvm/rubies/ruby-1.9.2-p320/lib/ruby/1.9.1/webrick/httpserver.rb:111:in `service'
  /Users/aleph/.rvm/rubies/ruby-1.9.2-p320/lib/ruby/1.9.1/webrick/httpserver.rb:70:in `run'
  /Users/aleph/.rvm/rubies/ruby-1.9.2-p320/lib/ruby/1.9.1/webrick/server.rb:183:in `block in start_thread'


  Rendered /Users/aleph/.rvm/gems/ruby-1.9.2-p320/gems/actionpack-3.2.11/lib/action_dispatch/middleware/templates/rescues/routing_error.erb within rescues/layout (0.7ms)


Started GET "/processes/list" for 127.0.0.1 at 2013-01-20 18:52:49 -0600

ActionController::RoutingError (No route matches [GET] "/processes/list"):
  actionpack (3.2.11) lib/action_dispatch/middleware/debug_exceptions.rb:21:in `call'
  actionpack (3.2.11) lib/action_dispatch/middleware/show_exceptions.rb:56:in `call'
  railties (3.2.11) lib/rails/rack/logger.rb:32:in `call_app'
  railties (3.2.11) lib/rails/rack/logger.rb:16:in `block in call'
  activesupport (3.2.11) lib/active_support/tagged_logging.rb:22:in `tagged'
  railties (3.2.11) lib/rails/rack/logger.rb:16:in `call'
  actionpack (3.2.11) lib/action_dispatch/middleware/request_id.rb:22:in `call'
  rack (1.4.4) lib/rack/methodoverride.rb:21:in `call'
  rack (1.4.4) lib/rack/runtime.rb:17:in `call'
  activesupport (3.2.11) lib/active_support/cache/strategy/local_cache.rb:72:in `call'
  rack (1.4.4) lib/rack/lock.rb:15:in `call'
  actionpack (3.2.11) lib/action_dispatch/middleware/static.rb:62:in `call'
  railties (3.2.11) lib/rails/engine.rb:479:in `call'
  railties (3.2.11) lib/rails/application.rb:223:in `call'
  rack (1.4.4) lib/rack/content_length.rb:14:in `call'
  railties (3.2.11) lib/rails/rack/log_tailer.rb:17:in `call'
  rack (1.4.4) lib/rack/handler/webrick.rb:59:in `service'
  /Users/aleph/.rvm/rubies/ruby-1.9.2-p320/lib/ruby/1.9.1/webrick/httpserver.rb:111:in `service'
  /Users/aleph/.rvm/rubies/ruby-1.9.2-p320/lib/ruby/1.9.1/webrick/httpserver.rb:70:in `run'
  /Users/aleph/.rvm/rubies/ruby-1.9.2-p320/lib/ruby/1.9.1/webrick/server.rb:183:in `block in start_thread'


  Rendered /Users/aleph/.rvm/gems/ruby-1.9.2-p320/gems/actionpack-3.2.11/lib/action_dispatch/middleware/templates/rescues/routing_error.erb within rescues/layout (0.6ms)


Started GET "/processes/list" for 127.0.0.1 at 2013-01-20 18:52:52 -0600

ActionController::RoutingError (No route matches [GET] "/processes/list"):
  actionpack (3.2.11) lib/action_dispatch/middleware/debug_exceptions.rb:21:in `call'
  actionpack (3.2.11) lib/action_dispatch/middleware/show_exceptions.rb:56:in `call'
  railties (3.2.11) lib/rails/rack/logger.rb:32:in `call_app'
  railties (3.2.11) lib/rails/rack/logger.rb:16:in `block in call'
  activesupport (3.2.11) lib/active_support/tagged_logging.rb:22:in `tagged'
  railties (3.2.11) lib/rails/rack/logger.rb:16:in `call'
  actionpack (3.2.11) lib/action_dispatch/middleware/request_id.rb:22:in `call'
  rack (1.4.4) lib/rack/methodoverride.rb:21:in `call'
  rack (1.4.4) lib/rack/runtime.rb:17:in `call'
  activesupport (3.2.11) lib/active_support/cache/strategy/local_cache.rb:72:in `call'
  rack (1.4.4) lib/rack/lock.rb:15:in `call'
  actionpack (3.2.11) lib/action_dispatch/middleware/static.rb:62:in `call'
  railties (3.2.11) lib/rails/engine.rb:479:in `call'
  railties (3.2.11) lib/rails/application.rb:223:in `call'
  rack (1.4.4) lib/rack/content_length.rb:14:in `call'
  railties (3.2.11) lib/rails/rack/log_tailer.rb:17:in `call'
  rack (1.4.4) lib/rack/handler/webrick.rb:59:in `service'
  /Users/aleph/.rvm/rubies/ruby-1.9.2-p320/lib/ruby/1.9.1/webrick/httpserver.rb:111:in `service'
  /Users/aleph/.rvm/rubies/ruby-1.9.2-p320/lib/ruby/1.9.1/webrick/httpserver.rb:70:in `run'
  /Users/aleph/.rvm/rubies/ruby-1.9.2-p320/lib/ruby/1.9.1/webrick/server.rb:183:in `block in start_thread'


  Rendered /Users/aleph/.rvm/gems/ruby-1.9.2-p320/gems/actionpack-3.2.11/lib/action_dispatch/middleware/templates/rescues/routing_error.erb within rescues/layout (0.7ms)


Started GET "/processes/list" for 127.0.0.1 at 2013-01-20 18:52:55 -0600

ActionController::RoutingError (No route matches [GET] "/processes/list"):
  actionpack (3.2.11) lib/action_dispatch/middleware/debug_exceptions.rb:21:in `call'
  actionpack (3.2.11) lib/action_dispatch/middleware/show_exceptions.rb:56:in `call'
  railties (3.2.11) lib/rails/rack/logger.rb:32:in `call_app'
  railties (3.2.11) lib/rails/rack/logger.rb:16:in `block in call'
  activesupport (3.2.11) lib/active_support/tagged_logging.rb:22:in `tagged'
  railties (3.2.11) lib/rails/rack/logger.rb:16:in `call'
  actionpack (3.2.11) lib/action_dispatch/middleware/request_id.rb:22:in `call'
  rack (1.4.4) lib/rack/methodoverride.rb:21:in `call'
  rack (1.4.4) lib/rack/runtime.rb:17:in `call'
  activesupport (3.2.11) lib/active_support/cache/strategy/local_cache.rb:72:in `call'
  rack (1.4.4) lib/rack/lock.rb:15:in `call'
  actionpack (3.2.11) lib/action_dispatch/middleware/static.rb:62:in `call'
  railties (3.2.11) lib/rails/engine.rb:479:in `call'
  railties (3.2.11) lib/rails/application.rb:223:in `call'
  rack (1.4.4) lib/rack/content_length.rb:14:in `call'
  railties (3.2.11) lib/rails/rack/log_tailer.rb:17:in `call'
  rack (1.4.4) lib/rack/handler/webrick.rb:59:in `service'
  /Users/aleph/.rvm/rubies/ruby-1.9.2-p320/lib/ruby/1.9.1/webrick/httpserver.rb:111:in `service'
  /Users/aleph/.rvm/rubies/ruby-1.9.2-p320/lib/ruby/1.9.1/webrick/httpserver.rb:70:in `run'
  /Users/aleph/.rvm/rubies/ruby-1.9.2-p320/lib/ruby/1.9.1/webrick/server.rb:183:in `block in start_thread'


  Rendered /Users/aleph/.rvm/gems/ruby-1.9.2-p320/gems/actionpack-3.2.11/lib/action_dispatch/middleware/templates/rescues/routing_error.erb within rescues/layout (0.6ms)


Started GET "/processes/list" for 127.0.0.1 at 2013-01-20 18:52:58 -0600

ActionController::RoutingError (No route matches [GET] "/processes/list"):
  actionpack (3.2.11) lib/action_dispatch/middleware/debug_exceptions.rb:21:in `call'
  actionpack (3.2.11) lib/action_dispatch/middleware/show_exceptions.rb:56:in `call'
  railties (3.2.11) lib/rails/rack/logger.rb:32:in `call_app'
  railties (3.2.11) lib/rails/rack/logger.rb:16:in `block in call'
  activesupport (3.2.11) lib/active_support/tagged_logging.rb:22:in `tagged'
  railties (3.2.11) lib/rails/rack/logger.rb:16:in `call'
  actionpack (3.2.11) lib/action_dispatch/middleware/request_id.rb:22:in `call'
  rack (1.4.4) lib/rack/methodoverride.rb:21:in `call'
  rack (1.4.4) lib/rack/runtime.rb:17:in `call'
  activesupport (3.2.11) lib/active_support/cache/strategy/local_cache.rb:72:in `call'
  rack (1.4.4) lib/rack/lock.rb:15:in `call'
  actionpack (3.2.11) lib/action_dispatch/middleware/static.rb:62:in `call'
  railties (3.2.11) lib/rails/engine.rb:479:in `call'
  railties (3.2.11) lib/rails/application.rb:223:in `call'
  rack (1.4.4) lib/rack/content_length.rb:14:in `call'
  railties (3.2.11) lib/rails/rack/log_tailer.rb:17:in `call'
  rack (1.4.4) lib/rack/handler/webrick.rb:59:in `service'
  /Users/aleph/.rvm/rubies/ruby-1.9.2-p320/lib/ruby/1.9.1/webrick/httpserver.rb:111:in `service'
  /Users/aleph/.rvm/rubies/ruby-1.9.2-p320/lib/ruby/1.9.1/webrick/httpserver.rb:70:in `run'
  /Users/aleph/.rvm/rubies/ruby-1.9.2-p320/lib/ruby/1.9.1/webrick/server.rb:183:in `block in start_thread'


  Rendered /Users/aleph/.rvm/gems/ruby-1.9.2-p320/gems/actionpack-3.2.11/lib/action_dispatch/middleware/templates/rescues/routing_error.erb within rescues/layout (0.8ms)


Started GET "/processes/list" for 127.0.0.1 at 2013-01-20 18:53:01 -0600

ActionController::RoutingError (No route matches [GET] "/processes/list"):
  actionpack (3.2.11) lib/action_dispatch/middleware/debug_exceptions.rb:21:in `call'
  actionpack (3.2.11) lib/action_dispatch/middleware/show_exceptions.rb:56:in `call'
  railties (3.2.11) lib/rails/rack/logger.rb:32:in `call_app'
  railties (3.2.11) lib/rails/rack/logger.rb:16:in `block in call'
  activesupport (3.2.11) lib/active_support/tagged_logging.rb:22:in `tagged'
  railties (3.2.11) lib/rails/rack/logger.rb:16:in `call'
  actionpack (3.2.11) lib/action_dispatch/middleware/request_id.rb:22:in `call'
  rack (1.4.4) lib/rack/methodoverride.rb:21:in `call'
  rack (1.4.4) lib/rack/runtime.rb:17:in `call'
  activesupport (3.2.11) lib/active_support/cache/strategy/local_cache.rb:72:in `call'
  rack (1.4.4) lib/rack/lock.rb:15:in `call'
  actionpack (3.2.11) lib/action_dispatch/middleware/static.rb:62:in `call'
  railties (3.2.11) lib/rails/engine.rb:479:in `call'
  railties (3.2.11) lib/rails/application.rb:223:in `call'
  rack (1.4.4) lib/rack/content_length.rb:14:in `call'
  railties (3.2.11) lib/rails/rack/log_tailer.rb:17:in `call'
  rack (1.4.4) lib/rack/handler/webrick.rb:59:in `service'
  /Users/aleph/.rvm/rubies/ruby-1.9.2-p320/lib/ruby/1.9.1/webrick/httpserver.rb:111:in `service'
  /Users/aleph/.rvm/rubies/ruby-1.9.2-p320/lib/ruby/1.9.1/webrick/httpserver.rb:70:in `run'
  /Users/aleph/.rvm/rubies/ruby-1.9.2-p320/lib/ruby/1.9.1/webrick/server.rb:183:in `block in start_thread'


  Rendered /Users/aleph/.rvm/gems/ruby-1.9.2-p320/gems/actionpack-3.2.11/lib/action_dispatch/middleware/templates/rescues/routing_error.erb within rescues/layout (0.7ms)


Started GET "/processes/list" for 127.0.0.1 at 2013-01-20 18:53:04 -0600

ActionController::RoutingError (No route matches [GET] "/processes/list"):
  actionpack (3.2.11) lib/action_dispatch/middleware/debug_exceptions.rb:21:in `call'
  actionpack (3.2.11) lib/action_dispatch/middleware/show_exceptions.rb:56:in `call'
  railties (3.2.11) lib/rails/rack/logger.rb:32:in `call_app'
  railties (3.2.11) lib/rails/rack/logger.rb:16:in `block in call'
  activesupport (3.2.11) lib/active_support/tagged_logging.rb:22:in `tagged'
  railties (3.2.11) lib/rails/rack/logger.rb:16:in `call'
  actionpack (3.2.11) lib/action_dispatch/middleware/request_id.rb:22:in `call'
  rack (1.4.4) lib/rack/methodoverride.rb:21:in `call'
  rack (1.4.4) lib/rack/runtime.rb:17:in `call'
  activesupport (3.2.11) lib/active_support/cache/strategy/local_cache.rb:72:in `call'
  rack (1.4.4) lib/rack/lock.rb:15:in `call'
  actionpack (3.2.11) lib/action_dispatch/middleware/static.rb:62:in `call'
  railties (3.2.11) lib/rails/engine.rb:479:in `call'
  railties (3.2.11) lib/rails/application.rb:223:in `call'
  rack (1.4.4) lib/rack/content_length.rb:14:in `call'
  railties (3.2.11) lib/rails/rack/log_tailer.rb:17:in `call'
  rack (1.4.4) lib/rack/handler/webrick.rb:59:in `service'
  /Users/aleph/.rvm/rubies/ruby-1.9.2-p320/lib/ruby/1.9.1/webrick/httpserver.rb:111:in `service'
  /Users/aleph/.rvm/rubies/ruby-1.9.2-p320/lib/ruby/1.9.1/webrick/httpserver.rb:70:in `run'
  /Users/aleph/.rvm/rubies/ruby-1.9.2-p320/lib/ruby/1.9.1/webrick/server.rb:183:in `block in start_thread'


  Rendered /Users/aleph/.rvm/gems/ruby-1.9.2-p320/gems/actionpack-3.2.11/lib/action_dispatch/middleware/templates/rescues/routing_error.erb within rescues/layout (0.7ms)


Started GET "/processes/list" for 127.0.0.1 at 2013-01-20 18:53:07 -0600

ActionController::RoutingError (No route matches [GET] "/processes/list"):
  actionpack (3.2.11) lib/action_dispatch/middleware/debug_exceptions.rb:21:in `call'
  actionpack (3.2.11) lib/action_dispatch/middleware/show_exceptions.rb:56:in `call'
  railties (3.2.11) lib/rails/rack/logger.rb:32:in `call_app'
  railties (3.2.11) lib/rails/rack/logger.rb:16:in `block in call'
  activesupport (3.2.11) lib/active_support/tagged_logging.rb:22:in `tagged'
  railties (3.2.11) lib/rails/rack/logger.rb:16:in `call'
  actionpack (3.2.11) lib/action_dispatch/middleware/request_id.rb:22:in `call'
  rack (1.4.4) lib/rack/methodoverride.rb:21:in `call'
  rack (1.4.4) lib/rack/runtime.rb:17:in `call'
  activesupport (3.2.11) lib/active_support/cache/strategy/local_cache.rb:72:in `call'
  rack (1.4.4) lib/rack/lock.rb:15:in `call'
  actionpack (3.2.11) lib/action_dispatch/middleware/static.rb:62:in `call'
  railties (3.2.11) lib/rails/engine.rb:479:in `call'
  railties (3.2.11) lib/rails/application.rb:223:in `call'
  rack (1.4.4) lib/rack/content_length.rb:14:in `call'
  railties (3.2.11) lib/rails/rack/log_tailer.rb:17:in `call'
  rack (1.4.4) lib/rack/handler/webrick.rb:59:in `service'
  /Users/aleph/.rvm/rubies/ruby-1.9.2-p320/lib/ruby/1.9.1/webrick/httpserver.rb:111:in `service'
  /Users/aleph/.rvm/rubies/ruby-1.9.2-p320/lib/ruby/1.9.1/webrick/httpserver.rb:70:in `run'
  /Users/aleph/.rvm/rubies/ruby-1.9.2-p320/lib/ruby/1.9.1/webrick/server.rb:183:in `block in start_thread'


  Rendered /Users/aleph/.rvm/gems/ruby-1.9.2-p320/gems/actionpack-3.2.11/lib/action_dispatch/middleware/templates/rescues/routing_error.erb within rescues/layout (0.7ms)


Started GET "/assets/rails.png" for 127.0.0.1 at 2013-01-20 18:53:08 -0600
Served asset /rails.png - 200 OK (9ms)


Started GET "/" for 127.0.0.1 at 2013-01-20 19:25:00 -0600
Processing by HomeController#index as HTML
  Rendered home/index.html.erb within layouts/application (0.4ms)
Compiled home.css  (9ms)  (pid 99327)
Compiled application.css  (26ms)  (pid 99327)
Compiled jquery.js  (2ms)  (pid 99327)
Compiled jquery_ujs.js  (0ms)  (pid 99327)
Compiled home.js  (118ms)  (pid 99327)
Compiled application.js  (207ms)  (pid 99327)
Completed 200 OK in 366ms (Views: 365.8ms | ActiveRecord: 0.0ms)


Started GET "/" for 127.0.0.1 at 2013-01-20 19:26:40 -0600
Processing by HomeController#index as HTML
  Rendered home/index.html.erb within layouts/application (0.1ms)
Completed 200 OK in 6ms (Views: 6.2ms | ActiveRecord: 0.0ms)


Started GET "/" for 127.0.0.1 at 2013-01-20 19:27:16 -0600
Processing by HomeController#index as HTML
  Rendered home/index.html.erb within layouts/application (0.0ms)
Completed 200 OK in 6ms (Views: 5.8ms | ActiveRecord: 0.0ms)


Started GET "/" for 127.0.0.1 at 2013-01-20 19:27:17 -0600
Processing by HomeController#index as HTML
  Rendered home/index.html.erb within layouts/application (0.0ms)
Completed 200 OK in 4ms (Views: 4.3ms | ActiveRecord: 0.0ms)


Started GET "/" for 127.0.0.1 at 2013-01-20 19:28:18 -0600
Processing by HomeController#index as HTML
  Rendered home/index.html.erb within layouts/application (0.0ms)
Completed 200 OK in 6ms (Views: 5.5ms | ActiveRecord: 0.0ms)


Started GET "/" for 127.0.0.1 at 2013-01-20 19:28:19 -0600
Processing by HomeController#index as HTML
  Rendered home/index.html.erb within layouts/application (0.0ms)
Completed 200 OK in 4ms (Views: 4.3ms | ActiveRecord: 0.0ms)


Started GET "/" for 127.0.0.1 at 2013-01-20 19:28:20 -0600
Processing by HomeController#index as HTML
  Rendered home/index.html.erb within layouts/application (0.0ms)
Completed 200 OK in 5ms (Views: 5.3ms | ActiveRecord: 0.0ms)


Started GET "/" for 127.0.0.1 at 2013-01-20 19:28:20 -0600
Processing by HomeController#index as HTML
  Rendered home/index.html.erb within layouts/application (0.0ms)
Completed 200 OK in 9ms (Views: 8.7ms | ActiveRecord: 0.0ms)


Started GET "/" for 127.0.0.1 at 2013-01-20 19:28:20 -0600
Processing by HomeController#index as HTML
  Rendered home/index.html.erb within layouts/application (0.0ms)
Completed 200 OK in 10ms (Views: 10.0ms | ActiveRecord: 0.0ms)


Started GET "/" for 127.0.0.1 at 2013-01-20 19:28:20 -0600
DEPRECATION WARNING: Database connections will not be closed automatically, please close your
database connection at the end of the thread by calling `close` on your
connection.  For example: ActiveRecord::Base.connection.close
. (called from mon_synchronize at /Users/aleph/.rvm/rubies/ruby-1.9.2-p320/lib/ruby/1.9.1/monitor.rb:201)
DEPRECATION WARNING: Database connections will not be closed automatically, please close your
database connection at the end of the thread by calling `close` on your
connection.  For example: ActiveRecord::Base.connection.close
. (called from mon_synchronize at /Users/aleph/.rvm/rubies/ruby-1.9.2-p320/lib/ruby/1.9.1/monitor.rb:201)
DEPRECATION WARNING: Database connections will not be closed automatically, please close your
database connection at the end of the thread by calling `close` on your
connection.  For example: ActiveRecord::Base.connection.close
. (called from mon_synchronize at /Users/aleph/.rvm/rubies/ruby-1.9.2-p320/lib/ruby/1.9.1/monitor.rb:201)
DEPRECATION WARNING: Database connections will not be closed automatically, please close your
database connection at the end of the thread by calling `close` on your
connection.  For example: ActiveRecord::Base.connection.close
. (called from mon_synchronize at /Users/aleph/.rvm/rubies/ruby-1.9.2-p320/lib/ruby/1.9.1/monitor.rb:201)
DEPRECATION WARNING: Database connections will not be closed automatically, please close your
database connection at the end of the thread by calling `close` on your
connection.  For example: ActiveRecord::Base.connection.close
. (called from mon_synchronize at /Users/aleph/.rvm/rubies/ruby-1.9.2-p320/lib/ruby/1.9.1/monitor.rb:201)
Processing by HomeController#index as HTML
  Rendered home/index.html.erb within layouts/application (0.0ms)
Completed 200 OK in 6ms (Views: 5.4ms | ActiveRecord: 0.0ms)


Started GET "/" for 127.0.0.1 at 2013-01-20 19:28:47 -0600
Processing by HomeController#index as HTML
  Rendered home/index.html.erb within layouts/application (0.0ms)
Completed 200 OK in 5ms (Views: 5.3ms | ActiveRecord: 0.0ms)


Started GET "/" for 127.0.0.1 at 2013-01-20 19:30:53 -0600
Connecting to database specified by database.yml
Processing by HomeController#index as HTML
  Rendered home/index.html.erb within layouts/application (2.8ms)
Completed 200 OK in 46ms (Views: 45.6ms | ActiveRecord: 0.0ms)


Started GET "/assets/home.css?body=1" for 127.0.0.1 at 2013-01-20 19:30:53 -0600
Served asset /home.css - 200 OK (2ms)


Started GET "/assets/application.css?body=1" for 127.0.0.1 at 2013-01-20 19:30:53 -0600
Served asset /application.css - 200 OK (13ms)


Started GET "/assets/jquery.js?body=1" for 127.0.0.1 at 2013-01-20 19:30:53 -0600
Served asset /jquery.js - 200 OK (3ms)


Started GET "/assets/home.js?body=1" for 127.0.0.1 at 2013-01-20 19:30:53 -0600
Served asset /home.js - 200 OK (13ms)


Started GET "/assets/jquery_ujs.js?body=1" for 127.0.0.1 at 2013-01-20 19:30:53 -0600
Served asset /jquery_ujs.js - 200 OK (22ms)


Started GET "/assets/application.js?body=1" for 127.0.0.1 at 2013-01-20 19:30:53 -0600
Served asset /application.js - 200 OK (9ms)
Connecting to database specified by database.yml
Connecting to database specified by database.yml
  [1m[36m (0.2ms)[0m  [1mselect sqlite_version(*)[0m
  [1m[35m (7.7ms)[0m  CREATE TABLE "schema_migrations" ("version" varchar(255) NOT NULL) 
  [1m[36m (7.2ms)[0m  [1mCREATE UNIQUE INDEX "unique_schema_migrations" ON "schema_migrations" ("version")[0m
  [1m[35m (0.1ms)[0m  SELECT "schema_migrations"."version" FROM "schema_migrations" 
Migrating to CreatePosts (20130121020642)
  [1m[36m (0.0ms)[0m  [1mbegin transaction[0m
  [1m[35m (0.7ms)[0m  CREATE TABLE "posts" ("id" INTEGER PRIMARY KEY AUTOINCREMENT NOT NULL, "name" varchar(255), "title" varchar(255), "content" text, "age" integer, "created_at" datetime NOT NULL, "updated_at" datetime NOT NULL) 
  [1m[36m (0.2ms)[0m  [1mINSERT INTO "schema_migrations" ("version") VALUES ('20130121020642')[0m
  [1m[35m (4.1ms)[0m  commit transaction
  [1m[36m (0.1ms)[0m  [1mSELECT "schema_migrations"."version" FROM "schema_migrations" [0m


Started GET "/" for 127.0.0.1 at 2013-01-20 23:44:03 -0600
Processing by HomeController#index as HTML
  Rendered home/index.html.erb within layouts/application (0.1ms)
Compiled posts.css  (7ms)  (pid 99649)
Compiled scaffolds.css  (16ms)  (pid 99649)
Compiled application.css  (83ms)  (pid 99649)
Compiled posts.js  (100ms)  (pid 99649)
Compiled application.js  (162ms)  (pid 99649)
Completed 200 OK in 348ms (Views: 347.1ms | ActiveRecord: 0.0ms)


Started GET "/assets/scaffolds.css?body=1" for 127.0.0.1 at 2013-01-20 23:44:03 -0600
Served asset /scaffolds.css - 200 OK (6ms)


Started GET "/assets/posts.css?body=1" for 127.0.0.1 at 2013-01-20 23:44:03 -0600
Served asset /posts.css - 200 OK (12ms)


Started GET "/assets/home.css?body=1" for 127.0.0.1 at 2013-01-20 23:44:03 -0600
Served asset /home.css - 304 Not Modified (1ms)


Started GET "/assets/posts.js?body=1" for 127.0.0.1 at 2013-01-20 23:44:03 -0600
Served asset /posts.js - 200 OK (2ms)


Started GET "/assets/home.js?body=1" for 127.0.0.1 at 2013-01-20 23:44:03 -0600
Served asset /home.js - 200 OK (0ms)


Started GET "/assets/application.css?body=1" for 127.0.0.1 at 2013-01-20 23:44:03 -0600
Served asset /application.css - 304 Not Modified (6ms)


Started GET "/assets/jquery.js?body=1" for 127.0.0.1 at 2013-01-20 23:44:03 -0600
Served asset /jquery.js - 304 Not Modified (0ms)


Started GET "/assets/jquery_ujs.js?body=1" for 127.0.0.1 at 2013-01-20 23:44:03 -0600
Served asset /jquery_ujs.js - 304 Not Modified (3ms)


Started GET "/assets/application.js?body=1" for 127.0.0.1 at 2013-01-20 23:44:03 -0600
Served asset /application.js - 304 Not Modified (9ms)


Started GET "/" for 127.0.0.1 at 2013-01-20 23:44:12 -0600
Processing by HomeController#index as HTML
  Rendered home/index.html.erb within layouts/application (0.1ms)
Completed 200 OK in 7ms (Views: 6.7ms | ActiveRecord: 0.0ms)


Started GET "/assets/home.css?body=1" for 127.0.0.1 at 2013-01-20 23:44:12 -0600
Served asset /home.css - 304 Not Modified (0ms)


Started GET "/assets/posts.css?body=1" for 127.0.0.1 at 2013-01-20 23:44:12 -0600
Served asset /posts.css - 304 Not Modified (0ms)


Started GET "/assets/scaffolds.css?body=1" for 127.0.0.1 at 2013-01-20 23:44:12 -0600
Served asset /scaffolds.css - 304 Not Modified (0ms)


Started GET "/assets/application.css?body=1" for 127.0.0.1 at 2013-01-20 23:44:12 -0600
Served asset /application.css - 304 Not Modified (0ms)


Started GET "/assets/jquery.js?body=1" for 127.0.0.1 at 2013-01-20 23:44:12 -0600
Served asset /jquery.js - 304 Not Modified (0ms)


Started GET "/assets/jquery_ujs.js?body=1" for 127.0.0.1 at 2013-01-20 23:44:12 -0600
Served asset /jquery_ujs.js - 304 Not Modified (0ms)


Started GET "/assets/home.js?body=1" for 127.0.0.1 at 2013-01-20 23:44:12 -0600
Served asset /home.js - 304 Not Modified (0ms)


Started GET "/assets/application.js?body=1" for 127.0.0.1 at 2013-01-20 23:44:12 -0600
Served asset /application.js - 304 Not Modified (0ms)


Started GET "/assets/posts.js?body=1" for 127.0.0.1 at 2013-01-20 23:44:12 -0600
Served asset /posts.js - 304 Not Modified (0ms)


Started GET "/" for 127.0.0.1 at 2013-01-20 23:44:34 -0600
Connecting to database specified by database.yml
Processing by HomeController#index as HTML
  Rendered home/index.html.erb within layouts/application (3.1ms)
Completed 200 OK in 77ms (Views: 77.0ms | ActiveRecord: 0.0ms)


Started GET "/assets/home.css?body=1" for 127.0.0.1 at 2013-01-20 23:44:35 -0600
Served asset /home.css - 304 Not Modified (9ms)


Started GET "/assets/application.css?body=1" for 127.0.0.1 at 2013-01-20 23:44:35 -0600
Served asset /application.css - 304 Not Modified (9ms)


Started GET "/assets/scaffolds.css?body=1" for 127.0.0.1 at 2013-01-20 23:44:35 -0600
Served asset /scaffolds.css - 304 Not Modified (2ms)


Started GET "/assets/jquery.js?body=1" for 127.0.0.1 at 2013-01-20 23:44:35 -0600
Served asset /jquery.js - 304 Not Modified (5ms)


Started GET "/assets/jquery_ujs.js?body=1" for 127.0.0.1 at 2013-01-20 23:44:35 -0600
Served asset /jquery_ujs.js - 304 Not Modified (2ms)


Started GET "/assets/posts.css?body=1" for 127.0.0.1 at 2013-01-20 23:44:35 -0600
Served asset /posts.css - 304 Not Modified (2ms)


Started GET "/assets/home.js?body=1" for 127.0.0.1 at 2013-01-20 23:44:35 -0600
Served asset /home.js - 304 Not Modified (1ms)


Started GET "/assets/posts.js?body=1" for 127.0.0.1 at 2013-01-20 23:44:35 -0600
Served asset /posts.js - 304 Not Modified (2ms)


Started GET "/assets/application.js?body=1" for 127.0.0.1 at 2013-01-20 23:44:35 -0600
Served asset /application.js - 304 Not Modified (11ms)


Started GET "/" for 127.0.0.1 at 2013-01-20 23:50:14 -0600
Processing by HomeController#index as HTML
  Rendered home/index.html.erb within layouts/application (7.1ms)
Completed 500 Internal Server Error in 9ms

ActionController::RoutingError (No route matches {:action=>"show", :controller=>"posts"}):
  app/views/home/index.html.erb:2:in `_app_views_home_index_html_erb__2311288289930866994_70146242111960'


  Rendered /Users/aleph/.rvm/gems/ruby-1.9.2-p320/gems/actionpack-3.2.11/lib/action_dispatch/middleware/templates/rescues/routing_error.erb within rescues/layout (0.7ms)


Started GET "/" for 127.0.0.1 at 2013-01-20 23:55:29 -0600
Connecting to database specified by database.yml
Processing by HomeController#index as HTML
  Rendered home/index.html.erb within layouts/application (8.5ms)
Completed 500 Internal Server Error in 54ms

ActionController::RoutingError (No route matches {:action=>"show", :controller=>"posts"}):
  app/views/home/index.html.erb:2:in `_app_views_home_index_html_erb___3286133100631049463_70135175763800'


  Rendered /Users/aleph/.rvm/gems/ruby-1.9.2-p320/gems/actionpack-3.2.11/lib/action_dispatch/middleware/templates/rescues/routing_error.erb within rescues/layout (0.8ms)


Started GET "/" for 127.0.0.1 at 2013-01-20 23:57:17 -0600
Processing by HomeController#index as HTML
  Rendered home/index.html.erb within layouts/application (1.8ms)
Completed 200 OK in 34ms (Views: 33.9ms | ActiveRecord: 0.0ms)


Started GET "/assets/scaffolds.css?body=1" for 127.0.0.1 at 2013-01-20 23:57:17 -0600
Served asset /scaffolds.css - 304 Not Modified (1ms)


Started GET "/assets/posts.css?body=1" for 127.0.0.1 at 2013-01-20 23:57:17 -0600
Served asset /posts.css - 304 Not Modified (1ms)


Started GET "/assets/application.css?body=1" for 127.0.0.1 at 2013-01-20 23:57:17 -0600
Served asset /application.css - 304 Not Modified (7ms)


Started GET "/assets/jquery.js?body=1" for 127.0.0.1 at 2013-01-20 23:57:17 -0600
Served asset /jquery.js - 304 Not Modified (3ms)


Started GET "/assets/home.css?body=1" for 127.0.0.1 at 2013-01-20 23:57:17 -0600
Served asset /home.css - 304 Not Modified (2ms)


Started GET "/assets/jquery_ujs.js?body=1" for 127.0.0.1 at 2013-01-20 23:57:17 -0600
Served asset /jquery_ujs.js - 304 Not Modified (3ms)


Started GET "/assets/home.js?body=1" for 127.0.0.1 at 2013-01-20 23:57:17 -0600
Served asset /home.js - 304 Not Modified (2ms)


Started GET "/assets/posts.js?body=1" for 127.0.0.1 at 2013-01-20 23:57:17 -0600
Served asset /posts.js - 304 Not Modified (2ms)


Started GET "/assets/application.js?body=1" for 127.0.0.1 at 2013-01-20 23:57:17 -0600
Served asset /application.js - 304 Not Modified (13ms)


Started GET "/posts" for 127.0.0.1 at 2013-01-20 23:57:21 -0600
Processing by PostsController#index as HTML
  [1m[36mPost Load (0.2ms)[0m  [1mSELECT "posts".* FROM "posts" [0m
  Rendered posts/index.html.erb within layouts/application (1.3ms)
Completed 200 OK in 43ms (Views: 8.8ms | ActiveRecord: 3.7ms)


Started GET "/assets/jquery.js?body=1" for 127.0.0.1 at 2013-01-20 23:57:21 -0600
Served asset /jquery.js - 304 Not Modified (0ms)


Started GET "/assets/posts.css?body=1" for 127.0.0.1 at 2013-01-20 23:57:21 -0600
Served asset /posts.css - 304 Not Modified (0ms)


Started GET "/assets/scaffolds.css?body=1" for 127.0.0.1 at 2013-01-20 23:57:21 -0600
Served asset /scaffolds.css - 304 Not Modified (0ms)


Started GET "/assets/jquery_ujs.js?body=1" for 127.0.0.1 at 2013-01-20 23:57:21 -0600
Served asset /jquery_ujs.js - 304 Not Modified (0ms)


Started GET "/assets/application.css?body=1" for 127.0.0.1 at 2013-01-20 23:57:21 -0600
Served asset /application.css - 304 Not Modified (0ms)


Started GET "/assets/home.js?body=1" for 127.0.0.1 at 2013-01-20 23:57:21 -0600
Served asset /home.js - 304 Not Modified (0ms)


Started GET "/assets/home.css?body=1" for 127.0.0.1 at 2013-01-20 23:57:21 -0600
Served asset /home.css - 200 OK (0ms)


Started GET "/assets/posts.js?body=1" for 127.0.0.1 at 2013-01-20 23:57:21 -0600
Served asset /posts.js - 304 Not Modified (0ms)


Started GET "/assets/application.js?body=1" for 127.0.0.1 at 2013-01-20 23:57:21 -0600
Served asset /application.js - 304 Not Modified (0ms)


Started GET "/posts/new" for 127.0.0.1 at 2013-01-21 02:44:02 -0600
Processing by PostsController#new as HTML
  Rendered posts/_form.html.erb (10.4ms)
  Rendered posts/new.html.erb within layouts/application (17.9ms)
Completed 200 OK in 34ms (Views: 26.3ms | ActiveRecord: 0.0ms)


Started GET "/assets/application.css?body=1" for 127.0.0.1 at 2013-01-21 02:44:03 -0600
Served asset /application.css - 304 Not Modified (0ms)


Started GET "/assets/posts.css?body=1" for 127.0.0.1 at 2013-01-21 02:44:03 -0600
Served asset /posts.css - 304 Not Modified (0ms)


Started GET "/assets/scaffolds.css?body=1" for 127.0.0.1 at 2013-01-21 02:44:03 -0600
Served asset /scaffolds.css - 304 Not Modified (0ms)


Started GET "/assets/jquery.js?body=1" for 127.0.0.1 at 2013-01-21 02:44:03 -0600
Served asset /jquery.js - 304 Not Modified (0ms)


Started GET "/assets/home.css?body=1" for 127.0.0.1 at 2013-01-21 02:44:03 -0600
Served asset /home.css - 304 Not Modified (0ms)


Started GET "/assets/jquery_ujs.js?body=1" for 127.0.0.1 at 2013-01-21 02:44:03 -0600
Served asset /jquery_ujs.js - 304 Not Modified (0ms)


Started GET "/assets/home.js?body=1" for 127.0.0.1 at 2013-01-21 02:44:03 -0600
Served asset /home.js - 304 Not Modified (0ms)


Started GET "/assets/posts.js?body=1" for 127.0.0.1 at 2013-01-21 02:44:03 -0600
Served asset /posts.js - 304 Not Modified (0ms)


Started GET "/assets/application.js?body=1" for 127.0.0.1 at 2013-01-21 02:44:03 -0600
Served asset /application.js - 304 Not Modified (0ms)


Started POST "/posts" for 127.0.0.1 at 2013-01-21 02:44:48 -0600
Processing by PostsController#create as HTML
  Parameters: {"utf8"=>"✓", "authenticity_token"=>"tPLAbZONqIfFfKkyK2ZAi0QZ+XdKQ8XuHLy6AzwYh8c=", "post"=>{"name"=>"alfonso", "title"=>"developer", "content"=>"working on this weeks challenge", "age"=>"30"}, "commit"=>"Create Post"}
  [1m[35m (0.1ms)[0m  begin transaction
  [1m[36mSQL (10.4ms)[0m  [1mINSERT INTO "posts" ("age", "content", "created_at", "name", "title", "updated_at") VALUES (?, ?, ?, ?, ?, ?)[0m  [["age", 30], ["content", "working on this weeks challenge"], ["created_at", Mon, 21 Jan 2013 08:44:48 UTC +00:00], ["name", "alfonso"], ["title", "developer"], ["updated_at", Mon, 21 Jan 2013 08:44:48 UTC +00:00]]
  [1m[35m (5.5ms)[0m  commit transaction
Redirected to http://localhost:3000/posts/1
Completed 302 Found in 22ms (ActiveRecord: 16.0ms)


Started GET "/posts/1" for 127.0.0.1 at 2013-01-21 02:44:48 -0600
Processing by PostsController#show as HTML
  Parameters: {"id"=>"1"}
  [1m[36mPost Load (0.3ms)[0m  [1mSELECT "posts".* FROM "posts" WHERE "posts"."id" = ? LIMIT 1[0m  [["id", "1"]]
  Rendered posts/show.html.erb within layouts/application (1.9ms)
Completed 200 OK in 13ms (Views: 9.0ms | ActiveRecord: 0.3ms)


Started GET "/assets/application.css?body=1" for 127.0.0.1 at 2013-01-21 02:44:48 -0600
Served asset /application.css - 304 Not Modified (0ms)


Started GET "/assets/home.css?body=1" for 127.0.0.1 at 2013-01-21 02:44:48 -0600
Served asset /home.css - 304 Not Modified (0ms)


Started GET "/assets/posts.css?body=1" for 127.0.0.1 at 2013-01-21 02:44:48 -0600
Served asset /posts.css - 304 Not Modified (0ms)


Started GET "/assets/jquery.js?body=1" for 127.0.0.1 at 2013-01-21 02:44:48 -0600
Served asset /jquery.js - 304 Not Modified (0ms)


Started GET "/assets/jquery_ujs.js?body=1" for 127.0.0.1 at 2013-01-21 02:44:48 -0600
Served asset /jquery_ujs.js - 304 Not Modified (0ms)


Started GET "/assets/scaffolds.css?body=1" for 127.0.0.1 at 2013-01-21 02:44:48 -0600
Served asset /scaffolds.css - 304 Not Modified (0ms)


Started GET "/assets/home.js?body=1" for 127.0.0.1 at 2013-01-21 02:44:48 -0600
Served asset /home.js - 304 Not Modified (0ms)


Started GET "/assets/posts.js?body=1" for 127.0.0.1 at 2013-01-21 02:44:48 -0600
Served asset /posts.js - 304 Not Modified (0ms)


Started GET "/assets/application.js?body=1" for 127.0.0.1 at 2013-01-21 02:44:48 -0600
Served asset /application.js - 304 Not Modified (0ms)


Started GET "/posts" for 127.0.0.1 at 2013-01-21 02:45:12 -0600
Processing by PostsController#index as HTML
  [1m[35mPost Load (0.3ms)[0m  SELECT "posts".* FROM "posts" 
  Rendered posts/index.html.erb within layouts/application (1.4ms)
Completed 200 OK in 9ms (Views: 7.8ms | ActiveRecord: 0.3ms)


Started GET "/assets/posts.css?body=1" for 127.0.0.1 at 2013-01-21 02:45:12 -0600
Served asset /posts.css - 304 Not Modified (0ms)


Started GET "/assets/scaffolds.css?body=1" for 127.0.0.1 at 2013-01-21 02:45:12 -0600
Served asset /scaffolds.css - 304 Not Modified (0ms)


Started GET "/assets/home.css?body=1" for 127.0.0.1 at 2013-01-21 02:45:12 -0600
Served asset /home.css - 304 Not Modified (0ms)


Started GET "/assets/jquery.js?body=1" for 127.0.0.1 at 2013-01-21 02:45:12 -0600
Served asset /jquery.js - 304 Not Modified (0ms)


Started GET "/assets/jquery_ujs.js?body=1" for 127.0.0.1 at 2013-01-21 02:45:12 -0600
Served asset /jquery_ujs.js - 304 Not Modified (0ms)


Started GET "/assets/home.js?body=1" for 127.0.0.1 at 2013-01-21 02:45:12 -0600
Served asset /home.js - 304 Not Modified (0ms)


Started GET "/assets/application.css?body=1" for 127.0.0.1 at 2013-01-21 02:45:12 -0600
Served asset /application.css - 304 Not Modified (0ms)


Started GET "/assets/posts.js?body=1" for 127.0.0.1 at 2013-01-21 02:45:12 -0600
Served asset /posts.js - 304 Not Modified (0ms)


Started GET "/assets/application.js?body=1" for 127.0.0.1 at 2013-01-21 02:45:12 -0600
Served asset /application.js - 304 Not Modified (0ms)


Started GET "/" for 127.0.0.1 at 2013-01-21 02:45:23 -0600
Processing by HomeController#index as HTML
  Rendered home/index.html.erb within layouts/application (0.4ms)
Completed 200 OK in 10ms (Views: 9.6ms | ActiveRecord: 0.0ms)


Started GET "/assets/posts.css?body=1" for 127.0.0.1 at 2013-01-21 02:45:23 -0600
Served asset /posts.css - 304 Not Modified (0ms)


Started GET "/assets/home.css?body=1" for 127.0.0.1 at 2013-01-21 02:45:23 -0600
Served asset /home.css - 304 Not Modified (0ms)


Started GET "/assets/scaffolds.css?body=1" for 127.0.0.1 at 2013-01-21 02:45:23 -0600
Served asset /scaffolds.css - 304 Not Modified (0ms)


Started GET "/assets/jquery.js?body=1" for 127.0.0.1 at 2013-01-21 02:45:23 -0600
Served asset /jquery.js - 304 Not Modified (0ms)


Started GET "/assets/application.css?body=1" for 127.0.0.1 at 2013-01-21 02:45:23 -0600
Served asset /application.css - 304 Not Modified (0ms)


Started GET "/assets/jquery_ujs.js?body=1" for 127.0.0.1 at 2013-01-21 02:45:23 -0600
Served asset /jquery_ujs.js - 304 Not Modified (0ms)


Started GET "/assets/home.js?body=1" for 127.0.0.1 at 2013-01-21 02:45:23 -0600
Served asset /home.js - 304 Not Modified (0ms)


Started GET "/assets/posts.js?body=1" for 127.0.0.1 at 2013-01-21 02:45:23 -0600
Served asset /posts.js - 304 Not Modified (0ms)


Started GET "/assets/application.js?body=1" for 127.0.0.1 at 2013-01-21 02:45:23 -0600
Served asset /application.js - 304 Not Modified (0ms)


Started GET "/" for 127.0.0.1 at 2013-01-21 02:53:43 -0600
Processing by HomeController#index as HTML
  Rendered home/index.html.erb within layouts/application (0.3ms)
Completed 200 OK in 8ms (Views: 6.9ms | ActiveRecord: 0.0ms)


Started GET "/assets/scaffolds.css?body=1" for 127.0.0.1 at 2013-01-21 02:53:44 -0600
Served asset /scaffolds.css - 304 Not Modified (0ms)


Started GET "/assets/home.css?body=1" for 127.0.0.1 at 2013-01-21 02:53:44 -0600
Served asset /home.css - 304 Not Modified (0ms)


Started GET "/assets/posts.css?body=1" for 127.0.0.1 at 2013-01-21 02:53:44 -0600
Served asset /posts.css - 304 Not Modified (0ms)


Started GET "/assets/jquery.js?body=1" for 127.0.0.1 at 2013-01-21 02:53:44 -0600
Served asset /jquery.js - 304 Not Modified (0ms)


Started GET "/assets/application.css?body=1" for 127.0.0.1 at 2013-01-21 02:53:44 -0600
Served asset /application.css - 304 Not Modified (0ms)


Started GET "/assets/jquery_ujs.js?body=1" for 127.0.0.1 at 2013-01-21 02:53:44 -0600
Served asset /jquery_ujs.js - 304 Not Modified (0ms)


Started GET "/assets/home.js?body=1" for 127.0.0.1 at 2013-01-21 02:53:44 -0600
Served asset /home.js - 304 Not Modified (0ms)


Started GET "/assets/posts.js?body=1" for 127.0.0.1 at 2013-01-21 02:53:44 -0600
Served asset /posts.js - 304 Not Modified (0ms)


Started GET "/assets/application.js?body=1" for 127.0.0.1 at 2013-01-21 02:53:44 -0600
Served asset /application.js - 304 Not Modified (0ms)


Started GET "/posts" for 127.0.0.1 at 2013-01-21 02:53:49 -0600
Processing by PostsController#index as HTML
  [1m[36mPost Load (0.2ms)[0m  [1mSELECT "posts".* FROM "posts" [0m
  Rendered posts/index.html.erb within layouts/application (1.2ms)
Completed 200 OK in 8ms (Views: 7.0ms | ActiveRecord: 0.2ms)


Started GET "/assets/posts.css?body=1" for 127.0.0.1 at 2013-01-21 02:53:49 -0600
Served asset /posts.css - 304 Not Modified (0ms)


Started GET "/assets/application.css?body=1" for 127.0.0.1 at 2013-01-21 02:53:49 -0600
Served asset /application.css - 304 Not Modified (0ms)


Started GET "/assets/scaffolds.css?body=1" for 127.0.0.1 at 2013-01-21 02:53:49 -0600
Served asset /scaffolds.css - 304 Not Modified (0ms)


Started GET "/assets/jquery.js?body=1" for 127.0.0.1 at 2013-01-21 02:53:49 -0600
Served asset /jquery.js - 304 Not Modified (0ms)


Started GET "/assets/home.css?body=1" for 127.0.0.1 at 2013-01-21 02:53:49 -0600
Served asset /home.css - 304 Not Modified (0ms)


Started GET "/assets/jquery_ujs.js?body=1" for 127.0.0.1 at 2013-01-21 02:53:49 -0600
Served asset /jquery_ujs.js - 304 Not Modified (0ms)


Started GET "/assets/home.js?body=1" for 127.0.0.1 at 2013-01-21 02:53:49 -0600
Served asset /home.js - 304 Not Modified (0ms)


Started GET "/assets/posts.js?body=1" for 127.0.0.1 at 2013-01-21 02:53:49 -0600
Served asset /posts.js - 304 Not Modified (0ms)


Started GET "/assets/application.js?body=1" for 127.0.0.1 at 2013-01-21 02:53:49 -0600
Served asset /application.js - 304 Not Modified (0ms)
